<?xml version="1.0" encoding="UTF-8"?>
<!-- Generated by org.testng.reporters.JUnitXMLReporter -->
<testsuite ignored="21" hostname="DESKTOP-OSKMDJ7" failures="1" tests="18" name="Test" time="113.096" errors="0" timestamp="2024-05-31T12:17:42 IST">
  <testcase classname="AutoBots.BuildFramwork.LoginPageValidation" name="ValidCredentials" time="1.452"/>
  <testcase classname="AutoBots.BuildFramwork.LoginPageValidation" name="ValidationOfSiginButtonText" time="0.049"/>
  <testcase classname="AutoBots.BuildFramwork.LoginPageValidation" name="ValidationsOfLoginPageUrl" time="0.471"/>
  <testcase classname="AutoBots.BuildFramwork.HomePageValidation" name="ValidationOfHomePageLogo" time="0.574"/>
  <testcase classname="AutoBots.BuildFramwork.HomePageValidation" name="ValidationOfHomeButtonsText" time="0.568"/>
  <testcase classname="AutoBots.BuildFramwork.HomePageValidation" name="ValidationOfGreenKartTextAndButton" time="0.687"/>
  <testcase classname="AutoBots.BuildFramwork.ItemsPageValidation" name="ValidationOfItemsPageLogo" time="1.211"/>
  <testcase classname="AutoBots.BuildFramwork.ItemsPageValidation" name="ValidationofSearchBox" time="0.737"/>
  <testcase classname="AutoBots.BuildFramwork.ItemsPageValidation" name="ValidationOfTitleKart" time="0.709"/>
  <testcase classname="AutoBots.BuildFramwork.ItemsPageValidation" name="FlowOfItemsPage" time="10.405"/>
  <testcase classname="AutoBots.BuildFramwork.ItemsPageValidation" name="ValidationOfTitleGreen" time="0.712"/>
  <testcase classname="AutoBots.BuildFramwork.ChcekOutPageValidatio" name="ValidationOfSelectedItems" time="6.354"/>
  <testcase classname="AutoBots.BuildFramwork.ChcekOutPageValidatio" name="ValidationOfApplyPromoCode" time="6.426"/>
  <testcase classname="AutoBots.BuildFramwork.ChcekOutPageValidatio" name="PlaceOrderButton" time="6.443"/>
  <testcase classname="AutoBots.BuildFramwork.ChcekOutPageValidatio" name="ValidationOfSuccesfullyPlacedText" time="6.372"/>
  <testcase classname="AutoBots.BuildFramwork.ChcekOutPageValidatio" name="FlowOfCheckoutPage" time="1.256"/>
  <testcase classname="AutoBots.BuildFramwork.OrdersPageValidation" name="ValidationOfItemsInOrderPage" time="8.846">
    <failure type="java.lang.AssertionError" message="lists don&amp;apos;t have the same size expected [2] but found [3]">
      <![CDATA[java.lang.AssertionError: lists don't have the same size expected [2] but found [3]
at AutoBots.BuildFramwork.OrdersPageValidation.ValidationOfItemsInOrderPage(OrdersPageValidation.java:141)
at java.base/java.util.ArrayList.forEach(ArrayList.java:1596)
... Removed 32 stack frames]]>
    </failure>
  </testcase> <!-- ValidationOfItemsInOrderPage -->
  <testcase classname="AutoBots.BuildFramwork.OrdersPageValidation" name="CompleteFlow" time="5.471"/>
  <testcase classname="AutoBots.BuildFramwork.ChcekOutPageValidatio" name="ValidationOfApplyButtonText" time="0.0">
    <ignored/>
  </testcase> <!-- ValidationOfApplyButtonText -->
  <testcase classname="AutoBots.BuildFramwork.LoginPageValidation" name="ValidationOfGotoLoginButton" time="0.0">
    <ignored/>
  </testcase> <!-- ValidationOfGotoLoginButton -->
  <testcase classname="AutoBots.BuildFramwork.ChcekOutPageValidatio" name="ValidationOfURLinCheckoutPage" time="0.0">
    <ignored/>
  </testcase> <!-- ValidationOfURLinCheckoutPage -->
  <testcase classname="AutoBots.BuildFramwork.HomePageValidation" name="ValidationOfHomePageTitle" time="0.0">
    <ignored/>
  </testcase> <!-- ValidationOfHomePageTitle -->
  <testcase classname="AutoBots.BuildFramwork.ItemsPageValidation" name="ValidationOfDeletingTheProduct" time="0.0">
    <ignored/>
  </testcase> <!-- ValidationOfDeletingTheProduct -->
  <testcase classname="AutoBots.BuildFramwork.LoginPageValidation" name="ValidationOfForgotPasswordLink" time="0.0">
    <ignored/>
  </testcase> <!-- ValidationOfForgotPasswordLink -->
  <testcase classname="AutoBots.BuildFramwork.ChcekOutPageValidatio" name="ValidationOfLogoCheckPage" time="0.0">
    <ignored/>
  </testcase> <!-- ValidationOfLogoCheckPage -->
  <testcase classname="AutoBots.BuildFramwork.LoginPageValidation" name="InValidCredentials" time="0.0">
    <ignored/>
  </testcase> <!-- InValidCredentials -->
  <testcase classname="AutoBots.BuildFramwork.ItemsPageValidation" name="ValidatingTheNubmberOfItems" time="0.0">
    <ignored/>
  </testcase> <!-- ValidatingTheNubmberOfItems -->
  <testcase classname="AutoBots.BuildFramwork.OrdersPageValidation" name="ValidationOfPageHeaderInOrdersPage" time="0.0">
    <ignored/>
  </testcase> <!-- ValidationOfPageHeaderInOrdersPage -->
  <testcase classname="AutoBots.BuildFramwork.ItemsPageValidation" name="ValidationOfCheckoutButtonWithOutSelectingItems" time="0.0">
    <ignored/>
  </testcase> <!-- ValidationOfCheckoutButtonWithOutSelectingItems -->
  <testcase classname="AutoBots.BuildFramwork.LoginPageValidation" name="ValidationOfLoginPageTitle" time="0.0">
    <ignored/>
  </testcase> <!-- ValidationOfLoginPageTitle -->
  <testcase classname="AutoBots.BuildFramwork.HomePageValidation" name="ValidationOfURLInHomepage" time="0.0">
    <ignored/>
  </testcase> <!-- ValidationOfURLInHomepage -->
  <testcase classname="AutoBots.BuildFramwork.HomePageValidation" name="FlowOfHomePage" time="0.0">
    <ignored/>
  </testcase> <!-- FlowOfHomePage -->
  <testcase classname="AutoBots.BuildFramwork.LoginPageValidation" name="ValidationOfForgotPasswordFields" time="0.0">
    <ignored/>
  </testcase> <!-- ValidationOfForgotPasswordFields -->
  <testcase classname="AutoBots.BuildFramwork.HomePageValidation" name="ValidationOfWelcomeHeaderInHomepage" time="0.0">
    <ignored/>
  </testcase> <!-- ValidationOfWelcomeHeaderInHomepage -->
  <testcase classname="AutoBots.BuildFramwork.OrdersPageValidation" name="ValidationOfURLinOrdersPage" time="0.0">
    <ignored/>
  </testcase> <!-- ValidationOfURLinOrdersPage -->
  <testcase classname="AutoBots.BuildFramwork.ItemsPageValidation" name="ValidationOfUrlInItemsPage" time="0.0">
    <ignored/>
  </testcase> <!-- ValidationOfUrlInItemsPage -->
  <testcase classname="AutoBots.BuildFramwork.ItemsPageValidation" name="ValidationOfIncrementAndDecrementButton" time="0.0">
    <ignored/>
  </testcase> <!-- ValidationOfIncrementAndDecrementButton -->
  <testcase classname="AutoBots.BuildFramwork.ChcekOutPageValidatio" name="ValidationOfTitleCheckPage" time="0.0">
    <ignored/>
  </testcase> <!-- ValidationOfTitleCheckPage -->
  <testcase classname="AutoBots.BuildFramwork.OrdersPageValidation" name="ValidationOfGreenKartButtonText" time="0.0">
    <ignored/>
  </testcase> <!-- ValidationOfGreenKartButtonText -->
</testsuite> <!-- Test -->
